This is pdfTeX, Version 3.14159265-2.6-1.40.19 (TeX Live 2018) (preloaded format=pdflatex 2018.4.16)  2 DEC 2019 14:44
entering extended mode
 restricted \write18 enabled.
 %&-line parsing enabled.
**poster_landscape.tex
(./poster_landscape.tex
LaTeX2e <2018-04-01> patch level 2
Babel <3.18> and hyphenation patterns for 84 language(s) loaded.
(./baposter.cls
Document Class: baposter 2011/11/26 v2.0 baposter class
(/usr/local/texlive/2018/texmf-dist/tex/latex/base/article.cls
Document Class: article 2014/09/29 v1.4h Standard LaTeX document class
(/usr/local/texlive/2018/texmf-dist/tex/latex/base/size10.clo
File: size10.clo 2014/09/29 v1.4h Standard LaTeX file (size option)
)
\c@part=\count80
\c@section=\count81
\c@subsection=\count82
\c@subsubsection=\count83
\c@paragraph=\count84
\c@subparagraph=\count85
\c@figure=\count86
\c@table=\count87
\abovecaptionskip=\skip41
\belowcaptionskip=\skip42
\bibindent=\dimen102
)
baposter: Brian Amberg, 2007, 2008, 2009, 2010, 2011 | http://www.brian-amberg.
de/uni/poster/
baposter: Reinhold Kainhofer, 2011 | http://reinhold.kainhofer.com/
\baposter@basepaperwidth=\skip43
\baposter@basepaperheight=\skip44
\baposter@basemargin=\skip45
\baposter@finalpaperwidth=\skip46
\baposter@finalpaperheight=\skip47
\baposter@finalmargin=\skip48
\headerheight=\skip49
\colwidth=\skip50
\colheight=\skip51
\baposter@@colspacing=\skip52
\baposter@box@@cornerradius=\skip53
\baposter@box@@boxheaderheight=\skip54
\baposter@box@@boxpadding=\skip55
\boxstartx=\skip56
\boxstarty=\skip57
\boxwidth=\skip58
\boxheight=\skip59
\baposter@titleimage@left@width=\skip60
\baposter@titleimage@right@width=\skip61
\baposter@titleimage@textwidth=\skip62
\baposter@box@content=\box26
\baposter@titleimage@left=\box27
\baposter@titleimage@title=\box28
\baposter@titleimage@right=\box29
Use Packages
(/usr/local/texlive/2018/texmf-dist/tex/latex/xkeyval/xkeyval.sty
Package: xkeyval 2014/12/03 v2.7a package option processing (HA)

(/usr/local/texlive/2018/texmf-dist/tex/generic/xkeyval/xkeyval.tex
(/usr/local/texlive/2018/texmf-dist/tex/generic/xkeyval/xkvutils.tex
\XKV@toks=\toks14
\XKV@tempa@toks=\toks15

(/usr/local/texlive/2018/texmf-dist/tex/generic/xkeyval/keyval.tex))
\XKV@depth=\count88
File: xkeyval.tex 2014/12/03 v2.7a key=value parser (HA)
))
(/usr/local/texlive/2018/texmf-dist/tex/latex/tools/calc.sty
Package: calc 2017/05/25 v4.3 Infix arithmetic (KKT,FJ)
\calc@Acount=\count89
\calc@Bcount=\count90
\calc@Adimen=\dimen103
\calc@Bdimen=\dimen104
\calc@Askip=\skip63
\calc@Bskip=\skip64
LaTeX Info: Redefining \setlength on input line 80.
LaTeX Info: Redefining \addtolength on input line 81.
\calc@Ccount=\count91
\calc@Cskip=\skip65
)
(/usr/local/texlive/2018/texmf-dist/tex/latex/xcolor/xcolor.sty
Package: xcolor 2016/05/11 v2.12 LaTeX color extensions (UK)

(/usr/local/texlive/2018/texmf-dist/tex/latex/graphics-cfg/color.cfg
File: color.cfg 2016/01/02 v1.6 sample color configuration
)
Package xcolor Info: Driver file: pdftex.def on input line 225.

(/usr/local/texlive/2018/texmf-dist/tex/latex/graphics-def/pdftex.def
File: pdftex.def 2018/01/08 v1.0l Graphics/color driver for pdftex
)
Package xcolor Info: Model `cmy' substituted by `cmy0' on input line 1348.
Package xcolor Info: Model `hsb' substituted by `rgb' on input line 1352.
Package xcolor Info: Model `RGB' extended on input line 1364.
Package xcolor Info: Model `HTML' substituted by `rgb' on input line 1366.
Package xcolor Info: Model `Hsb' substituted by `hsb' on input line 1367.
Package xcolor Info: Model `tHsb' substituted by `hsb' on input line 1368.
Package xcolor Info: Model `HSB' substituted by `hsb' on input line 1369.
Package xcolor Info: Model `Gray' substituted by `gray' on input line 1370.
Package xcolor Info: Model `wave' substituted by `hsb' on input line 1371.
)
(/usr/local/texlive/2018/texmf-dist/tex/latex/pgf/frontendlayer/tikz.sty
(/usr/local/texlive/2018/texmf-dist/tex/latex/pgf/basiclayer/pgf.sty
(/usr/local/texlive/2018/texmf-dist/tex/latex/pgf/utilities/pgfrcs.sty
(/usr/local/texlive/2018/texmf-dist/tex/generic/pgf/utilities/pgfutil-common.te
x
\pgfutil@everybye=\toks16
\pgfutil@tempdima=\dimen105
\pgfutil@tempdimb=\dimen106

(/usr/local/texlive/2018/texmf-dist/tex/generic/pgf/utilities/pgfutil-common-li
sts.tex))
(/usr/local/texlive/2018/texmf-dist/tex/generic/pgf/utilities/pgfutil-latex.def
\pgfutil@abb=\box30
(/usr/local/texlive/2018/texmf-dist/tex/latex/ms/everyshi.sty
Package: everyshi 2001/05/15 v3.00 EveryShipout Package (MS)
))
(/usr/local/texlive/2018/texmf-dist/tex/generic/pgf/utilities/pgfrcs.code.tex
Package: pgfrcs 2015/08/07 v3.0.1a (rcs-revision 1.31)
))
Package: pgf 2015/08/07 v3.0.1a (rcs-revision 1.15)
(/usr/local/texlive/2018/texmf-dist/tex/latex/pgf/basiclayer/pgfcore.sty
(/usr/local/texlive/2018/texmf-dist/tex/latex/graphics/graphicx.sty
Package: graphicx 2017/06/01 v1.1a Enhanced LaTeX Graphics (DPC,SPQR)

(/usr/local/texlive/2018/texmf-dist/tex/latex/graphics/graphics.sty
Package: graphics 2017/06/25 v1.2c Standard LaTeX Graphics (DPC,SPQR)

(/usr/local/texlive/2018/texmf-dist/tex/latex/graphics/trig.sty
Package: trig 2016/01/03 v1.10 sin cos tan (DPC)
)
(/usr/local/texlive/2018/texmf-dist/tex/latex/graphics-cfg/graphics.cfg
File: graphics.cfg 2016/06/04 v1.11 sample graphics configuration
)
Package graphics Info: Driver file: pdftex.def on input line 99.
)
\Gin@req@height=\dimen107
\Gin@req@width=\dimen108
)
(/usr/local/texlive/2018/texmf-dist/tex/latex/pgf/systemlayer/pgfsys.sty
(/usr/local/texlive/2018/texmf-dist/tex/generic/pgf/systemlayer/pgfsys.code.tex
Package: pgfsys 2014/07/09 v3.0.1a (rcs-revision 1.48)
(/usr/local/texlive/2018/texmf-dist/tex/generic/pgf/utilities/pgfkeys.code.tex
\pgfkeys@pathtoks=\toks17
\pgfkeys@temptoks=\toks18

(/usr/local/texlive/2018/texmf-dist/tex/generic/pgf/utilities/pgfkeysfiltered.c
ode.tex
\pgfkeys@tmptoks=\toks19
))
\pgf@x=\dimen109
\pgf@y=\dimen110
\pgf@xa=\dimen111
\pgf@ya=\dimen112
\pgf@xb=\dimen113
\pgf@yb=\dimen114
\pgf@xc=\dimen115
\pgf@yc=\dimen116
\w@pgf@writea=\write3
\r@pgf@reada=\read1
\c@pgf@counta=\count92
\c@pgf@countb=\count93
\c@pgf@countc=\count94
\c@pgf@countd=\count95
\t@pgf@toka=\toks20
\t@pgf@tokb=\toks21
\t@pgf@tokc=\toks22

(/usr/local/texlive/2018/texmf-dist/tex/generic/pgf/systemlayer/pgf.cfg
File: pgf.cfg 2008/05/14  (rcs-revision 1.7)
)
Driver file for pgf: pgfsys-pdftex.def

(/usr/local/texlive/2018/texmf-dist/tex/generic/pgf/systemlayer/pgfsys-pdftex.d
ef
File: pgfsys-pdftex.def 2014/10/11  (rcs-revision 1.35)

(/usr/local/texlive/2018/texmf-dist/tex/generic/pgf/systemlayer/pgfsys-common-p
df.def
File: pgfsys-common-pdf.def 2013/10/10  (rcs-revision 1.13)
)))
(/usr/local/texlive/2018/texmf-dist/tex/generic/pgf/systemlayer/pgfsyssoftpath.
code.tex
File: pgfsyssoftpath.code.tex 2013/09/09  (rcs-revision 1.9)
\pgfsyssoftpath@smallbuffer@items=\count96
\pgfsyssoftpath@bigbuffer@items=\count97
)
(/usr/local/texlive/2018/texmf-dist/tex/generic/pgf/systemlayer/pgfsysprotocol.
code.tex
File: pgfsysprotocol.code.tex 2006/10/16  (rcs-revision 1.4)
))
(/usr/local/texlive/2018/texmf-dist/tex/generic/pgf/basiclayer/pgfcore.code.tex
Package: pgfcore 2010/04/11 v3.0.1a (rcs-revision 1.7)
(/usr/local/texlive/2018/texmf-dist/tex/generic/pgf/math/pgfmath.code.tex
(/usr/local/texlive/2018/texmf-dist/tex/generic/pgf/math/pgfmathcalc.code.tex
(/usr/local/texlive/2018/texmf-dist/tex/generic/pgf/math/pgfmathutil.code.tex)
(/usr/local/texlive/2018/texmf-dist/tex/generic/pgf/math/pgfmathparser.code.tex
\pgfmath@dimen=\dimen117
\pgfmath@count=\count98
\pgfmath@box=\box31
\pgfmath@toks=\toks23
\pgfmath@stack@operand=\toks24
\pgfmath@stack@operation=\toks25
)
(/usr/local/texlive/2018/texmf-dist/tex/generic/pgf/math/pgfmathfunctions.code.
tex
(/usr/local/texlive/2018/texmf-dist/tex/generic/pgf/math/pgfmathfunctions.basic
.code.tex)
(/usr/local/texlive/2018/texmf-dist/tex/generic/pgf/math/pgfmathfunctions.trigo
nometric.code.tex)
(/usr/local/texlive/2018/texmf-dist/tex/generic/pgf/math/pgfmathfunctions.rando
m.code.tex)
(/usr/local/texlive/2018/texmf-dist/tex/generic/pgf/math/pgfmathfunctions.compa
rison.code.tex)
(/usr/local/texlive/2018/texmf-dist/tex/generic/pgf/math/pgfmathfunctions.base.
code.tex)
(/usr/local/texlive/2018/texmf-dist/tex/generic/pgf/math/pgfmathfunctions.round
.code.tex)
(/usr/local/texlive/2018/texmf-dist/tex/generic/pgf/math/pgfmathfunctions.misc.
code.tex)
(/usr/local/texlive/2018/texmf-dist/tex/generic/pgf/math/pgfmathfunctions.integ
erarithmetics.code.tex)))
(/usr/local/texlive/2018/texmf-dist/tex/generic/pgf/math/pgfmathfloat.code.tex
\c@pgfmathroundto@lastzeros=\count99
))
(/usr/local/texlive/2018/texmf-dist/tex/generic/pgf/basiclayer/pgfcorepoints.co
de.tex
File: pgfcorepoints.code.tex 2013/10/07  (rcs-revision 1.27)
\pgf@picminx=\dimen118
\pgf@picmaxx=\dimen119
\pgf@picminy=\dimen120
\pgf@picmaxy=\dimen121
\pgf@pathminx=\dimen122
\pgf@pathmaxx=\dimen123
\pgf@pathminy=\dimen124
\pgf@pathmaxy=\dimen125
\pgf@xx=\dimen126
\pgf@xy=\dimen127
\pgf@yx=\dimen128
\pgf@yy=\dimen129
\pgf@zx=\dimen130
\pgf@zy=\dimen131
)
(/usr/local/texlive/2018/texmf-dist/tex/generic/pgf/basiclayer/pgfcorepathconst
ruct.code.tex
File: pgfcorepathconstruct.code.tex 2013/10/07  (rcs-revision 1.29)
\pgf@path@lastx=\dimen132
\pgf@path@lasty=\dimen133
)
(/usr/local/texlive/2018/texmf-dist/tex/generic/pgf/basiclayer/pgfcorepathusage
.code.tex
File: pgfcorepathusage.code.tex 2014/11/02  (rcs-revision 1.24)
\pgf@shorten@end@additional=\dimen134
\pgf@shorten@start@additional=\dimen135
)
(/usr/local/texlive/2018/texmf-dist/tex/generic/pgf/basiclayer/pgfcorescopes.co
de.tex
File: pgfcorescopes.code.tex 2015/05/08  (rcs-revision 1.46)
\pgfpic=\box32
\pgf@hbox=\box33
\pgf@layerbox@main=\box34
\pgf@picture@serial@count=\count100
)
(/usr/local/texlive/2018/texmf-dist/tex/generic/pgf/basiclayer/pgfcoregraphicst
ate.code.tex
File: pgfcoregraphicstate.code.tex 2014/11/02  (rcs-revision 1.12)
\pgflinewidth=\dimen136
)
(/usr/local/texlive/2018/texmf-dist/tex/generic/pgf/basiclayer/pgfcoretransform
ations.code.tex
File: pgfcoretransformations.code.tex 2015/08/07  (rcs-revision 1.20)
\pgf@pt@x=\dimen137
\pgf@pt@y=\dimen138
\pgf@pt@temp=\dimen139
)
(/usr/local/texlive/2018/texmf-dist/tex/generic/pgf/basiclayer/pgfcorequick.cod
e.tex
File: pgfcorequick.code.tex 2008/10/09  (rcs-revision 1.3)
)
(/usr/local/texlive/2018/texmf-dist/tex/generic/pgf/basiclayer/pgfcoreobjects.c
ode.tex
File: pgfcoreobjects.code.tex 2006/10/11  (rcs-revision 1.2)
)
(/usr/local/texlive/2018/texmf-dist/tex/generic/pgf/basiclayer/pgfcorepathproce
ssing.code.tex
File: pgfcorepathprocessing.code.tex 2013/09/09  (rcs-revision 1.9)
)
(/usr/local/texlive/2018/texmf-dist/tex/generic/pgf/basiclayer/pgfcorearrows.co
de.tex
File: pgfcorearrows.code.tex 2015/05/14  (rcs-revision 1.43)
\pgfarrowsep=\dimen140
)
(/usr/local/texlive/2018/texmf-dist/tex/generic/pgf/basiclayer/pgfcoreshade.cod
e.tex
File: pgfcoreshade.code.tex 2013/07/15  (rcs-revision 1.15)
\pgf@max=\dimen141
\pgf@sys@shading@range@num=\count101
)
(/usr/local/texlive/2018/texmf-dist/tex/generic/pgf/basiclayer/pgfcoreimage.cod
e.tex
File: pgfcoreimage.code.tex 2013/07/15  (rcs-revision 1.18)

(/usr/local/texlive/2018/texmf-dist/tex/generic/pgf/basiclayer/pgfcoreexternal.
code.tex
File: pgfcoreexternal.code.tex 2014/07/09  (rcs-revision 1.21)
\pgfexternal@startupbox=\box35
))
(/usr/local/texlive/2018/texmf-dist/tex/generic/pgf/basiclayer/pgfcorelayers.co
de.tex
File: pgfcorelayers.code.tex 2013/07/18  (rcs-revision 1.7)
)
(/usr/local/texlive/2018/texmf-dist/tex/generic/pgf/basiclayer/pgfcoretranspare
ncy.code.tex
File: pgfcoretransparency.code.tex 2013/09/30  (rcs-revision 1.5)
)
(/usr/local/texlive/2018/texmf-dist/tex/generic/pgf/basiclayer/pgfcorepatterns.
code.tex
File: pgfcorepatterns.code.tex 2013/11/07  (rcs-revision 1.5)
)))
(/usr/local/texlive/2018/texmf-dist/tex/generic/pgf/modules/pgfmoduleshapes.cod
e.tex
File: pgfmoduleshapes.code.tex 2014/03/21  (rcs-revision 1.35)
\pgfnodeparttextbox=\box36
)
(/usr/local/texlive/2018/texmf-dist/tex/generic/pgf/modules/pgfmoduleplot.code.
tex
File: pgfmoduleplot.code.tex 2015/08/03  (rcs-revision 1.13)
)
(/usr/local/texlive/2018/texmf-dist/tex/latex/pgf/compatibility/pgfcomp-version
-0-65.sty
Package: pgfcomp-version-0-65 2007/07/03 v3.0.1a (rcs-revision 1.7)
\pgf@nodesepstart=\dimen142
\pgf@nodesepend=\dimen143
)
(/usr/local/texlive/2018/texmf-dist/tex/latex/pgf/compatibility/pgfcomp-version
-1-18.sty
Package: pgfcomp-version-1-18 2007/07/23 v3.0.1a (rcs-revision 1.1)
))
(/usr/local/texlive/2018/texmf-dist/tex/latex/pgf/utilities/pgffor.sty
(/usr/local/texlive/2018/texmf-dist/tex/latex/pgf/utilities/pgfkeys.sty
(/usr/local/texlive/2018/texmf-dist/tex/generic/pgf/utilities/pgfkeys.code.tex)
) (/usr/local/texlive/2018/texmf-dist/tex/latex/pgf/math/pgfmath.sty
(/usr/local/texlive/2018/texmf-dist/tex/generic/pgf/math/pgfmath.code.tex))
(/usr/local/texlive/2018/texmf-dist/tex/generic/pgf/utilities/pgffor.code.tex
Package: pgffor 2013/12/13 v3.0.1a (rcs-revision 1.25)

(/usr/local/texlive/2018/texmf-dist/tex/generic/pgf/math/pgfmath.code.tex)
\pgffor@iter=\dimen144
\pgffor@skip=\dimen145
\pgffor@stack=\toks26
\pgffor@toks=\toks27
))
(/usr/local/texlive/2018/texmf-dist/tex/generic/pgf/frontendlayer/tikz/tikz.cod
e.tex
Package: tikz 2015/08/07 v3.0.1a (rcs-revision 1.151)

(/usr/local/texlive/2018/texmf-dist/tex/generic/pgf/libraries/pgflibraryplothan
dlers.code.tex
File: pgflibraryplothandlers.code.tex 2013/08/31 v3.0.1a (rcs-revision 1.20)
\pgf@plot@mark@count=\count102
\pgfplotmarksize=\dimen146
)
\tikz@lastx=\dimen147
\tikz@lasty=\dimen148
\tikz@lastxsaved=\dimen149
\tikz@lastysaved=\dimen150
\tikzleveldistance=\dimen151
\tikzsiblingdistance=\dimen152
\tikz@figbox=\box37
\tikz@figbox@bg=\box38
\tikz@tempbox=\box39
\tikz@tempbox@bg=\box40
\tikztreelevel=\count103
\tikznumberofchildren=\count104
\tikznumberofcurrentchild=\count105
\tikz@fig@count=\count106

(/usr/local/texlive/2018/texmf-dist/tex/generic/pgf/modules/pgfmodulematrix.cod
e.tex
File: pgfmodulematrix.code.tex 2013/09/17  (rcs-revision 1.8)
\pgfmatrixcurrentrow=\count107
\pgfmatrixcurrentcolumn=\count108
\pgf@matrix@numberofcolumns=\count109
)
\tikz@expandcount=\count110

(/usr/local/texlive/2018/texmf-dist/tex/generic/pgf/frontendlayer/tikz/librarie
s/tikzlibrarytopaths.code.tex
File: tikzlibrarytopaths.code.tex 2008/06/17 v3.0.1a (rcs-revision 1.2)
)))
(/usr/local/texlive/2018/texmf-dist/tex/latex/base/ifthen.sty
Package: ifthen 2014/09/29 v1.1c Standard LaTeX ifthen package (DPC)
)
(/usr/local/texlive/2018/texmf-dist/tex/latex/base/fontenc.sty
Package: fontenc 2017/04/05 v2.0i Standard LaTeX package

(/usr/local/texlive/2018/texmf-dist/tex/latex/base/t1enc.def
File: t1enc.def 2017/04/05 v2.0i Standard LaTeX file
LaTeX Font Info:    Redeclaring font encoding T1 on input line 48.
))
(/usr/local/texlive/2018/texmf-dist/tex/generic/pgf/frontendlayer/tikz/librarie
s/tikzlibrarydecorations.code.tex
(/usr/local/texlive/2018/texmf-dist/tex/generic/pgf/modules/pgfmoduledecoration
s.code.tex
\pgfdecoratedcompleteddistance=\dimen153
\pgfdecoratedremainingdistance=\dimen154
\pgfdecoratedinputsegmentcompleteddistance=\dimen155
\pgfdecoratedinputsegmentremainingdistance=\dimen156
\pgf@decorate@distancetomove=\dimen157
\pgf@decorate@repeatstate=\count111
\pgfdecorationsegmentamplitude=\dimen158
\pgfdecorationsegmentlength=\dimen159
)
\tikz@lib@dec@box=\box41
)
(/usr/local/texlive/2018/texmf-dist/tex/generic/pgf/frontendlayer/tikz/librarie
s/tikzlibraryfadings.code.tex
File: tikzlibraryfadings.code.tex 2009/11/15 v3.0.1a (rcs-revision 1.2)

(/usr/local/texlive/2018/texmf-dist/tex/generic/pgf/libraries/pgflibraryfadings
.code.tex
File: pgflibraryfadings.code.tex 2008/02/07 v3.0.1a (rcs-revision 1.3)
))
(/usr/local/texlive/2018/texmf-dist/tex/generic/pgf/frontendlayer/tikz/librarie
s/tikzlibrarysnakes.code.tex
File: tikzlibrarysnakes.code.tex 2013/07/15 v3.0.1a (rcs-revision 1.7)


Package pgf Warning: Snakes have been superseded by decorations. Please use the
 decoration libraries instead of the snakes library on input line 14.


(/usr/local/texlive/2018/texmf-dist/tex/generic/pgf/frontendlayer/tikz/librarie
s/tikzlibrarydecorations.pathmorphing.code.tex
(/usr/local/texlive/2018/texmf-dist/tex/generic/pgf/libraries/decorations/pgfli
brarydecorations.pathmorphing.code.tex))
(/usr/local/texlive/2018/texmf-dist/tex/generic/pgf/frontendlayer/tikz/librarie
s/tikzlibrarydecorations.pathreplacing.code.tex
(/usr/local/texlive/2018/texmf-dist/tex/generic/pgf/libraries/decorations/pgfli
brarydecorations.pathreplacing.code.tex))
(/usr/local/texlive/2018/texmf-dist/tex/generic/pgf/frontendlayer/tikz/librarie
s/tikzlibrarydecorations.shapes.code.tex
(/usr/local/texlive/2018/texmf-dist/tex/generic/pgf/libraries/decorations/pgfli
brarydecorations.shapes.code.tex)))
(/usr/local/texlive/2018/texmf-dist/tex/generic/pgf/frontendlayer/tikz/librarie
s/tikzlibrarycalc.code.tex
File: tikzlibrarycalc.code.tex 2013/07/15 v3.0.1a (rcs-revision 1.9)
)
\baposter@movebody=\skip66
\baposter@basemarginright=\skip67
\baposter@basemarginleft=\skip68

Paperwidth=2392.87677pt
Paperheight=3383.03267pt
BasePaperwidth=698.73782pt
BasePaperheight=987.87073pt
(/usr/local/texlive/2018/texmf-dist/tex/latex/geometry/geometry.sty
Package: geometry 2018/03/24 v5.7 Page Geometry

(/usr/local/texlive/2018/texmf-dist/tex/generic/oberdiek/ifpdf.sty
Package: ifpdf 2017/03/15 v3.2 Provides the ifpdf switch
)
(/usr/local/texlive/2018/texmf-dist/tex/generic/oberdiek/ifvtex.sty
Package: ifvtex 2016/05/16 v1.6 Detect VTeX and its facilities (HO)
Package ifvtex Info: VTeX not detected.
)
(/usr/local/texlive/2018/texmf-dist/tex/generic/ifxetex/ifxetex.sty
Package: ifxetex 2010/09/12 v0.6 Provides ifxetex conditional
)
\Gm@cnth=\count112
\Gm@cntv=\count113
\c@Gm@tempcnt=\count114
\Gm@bindingoffset=\dimen160
\Gm@wd@mp=\dimen161
\Gm@odd@mp=\dimen162
\Gm@even@mp=\dimen163
\Gm@layoutwidth=\dimen164
\Gm@layoutheight=\dimen165
\Gm@layouthoffset=\dimen166
\Gm@layoutvoffset=\dimen167
\Gm@dimlist=\toks28
)
(/usr/local/texlive/2018/texmf-dist/tex/latex/pgf/utilities/pgfpages.sty
Package: pgfpages 2011/01/05 ver 0.02
\pgf@logicalpages=\count115
\pgf@firstshipout=\count116
\pgf@lastshipout=\count117
\pgf@currentshipout=\count118
\pgf@cpn=\count119
\pgf@shipoutnextto=\count120
\pgfphysicalheight=\dimen168
\pgfphysicalwidth=\dimen169
\pgfpages@shipoutbox=\box42
)
\pgfpages@box@1=\box43
)
(./algorithm2e.sty
Package: algorithm2e 2005/10/04 v3.9 algorithms environments
\c@AlgoLine=\count121

(/usr/local/texlive/2018/texmf-dist/tex/latex/tools/xspace.sty
Package: xspace 2014/10/28 v1.13 Space after command names (DPC,MH)
)
********************************************************
Package `algorithm2e' Release 3.9 -- october 04 2005 --
- algorithm2e-announce@lirmm.fr mailing list for announcement about releases
- algorithm2e-discussion@lirmm.fr mailing list for discussion about package
subscribe by emailing sympa@lirmm.fr with 'subscribe <list> <firstname name>'
- Author: Christophe Fiorio (fiorio@lirmm.fr)
********************************************************
\skiptotal=\skip69
\skiprule=\skip70
\skiphlne=\skip71
\skiptext=\skip72
\skiplength=\skip73
\algomargin=\skip74
\skipalgocfslide=\skip75
\algowidth=\dimen170
\inoutsize=\dimen171
\inoutline=\dimen172
\algocf@inoutbox=\box44
\algocf@inputbox=\box45
\AlCapSkip=\skip76
\AlCapHSkip=\skip77
\algocf@capbox=\box46
\c@algocfline=\count122
\c@algocf=\count123
\algocf@algoframe=\box47
\algocf@algobox=\box48
) (/usr/local/texlive/2018/texmf-dist/tex/latex/psnfss/times.sty
Package: times 2005/04/12 PSNFSS-v9.2a (SPQR) 
)
(/usr/local/texlive/2018/texmf-dist/tex/latex/url/url.sty
\Urlmuskip=\muskip10
Package: url 2013/09/16  ver 3.4  Verb mode for urls, etc.
)
(/usr/local/texlive/2018/texmf-dist/tex/latex/amsmath/amsmath.sty
Package: amsmath 2017/09/02 v2.17a AMS math features
\@mathmargin=\skip78

For additional information on amsmath, use the `?' option.
(/usr/local/texlive/2018/texmf-dist/tex/latex/amsmath/amstext.sty
Package: amstext 2000/06/29 v2.01 AMS text

(/usr/local/texlive/2018/texmf-dist/tex/latex/amsmath/amsgen.sty
File: amsgen.sty 1999/11/30 v2.0 generic functions
\@emptytoks=\toks29
\ex@=\dimen173
))
(/usr/local/texlive/2018/texmf-dist/tex/latex/amsmath/amsbsy.sty
Package: amsbsy 1999/11/29 v1.2d Bold Symbols
\pmbraise@=\dimen174
)
(/usr/local/texlive/2018/texmf-dist/tex/latex/amsmath/amsopn.sty
Package: amsopn 2016/03/08 v2.02 operator names
)
\inf@bad=\count124
LaTeX Info: Redefining \frac on input line 213.
\uproot@=\count125
\leftroot@=\count126
LaTeX Info: Redefining \overline on input line 375.
\classnum@=\count127
\DOTSCASE@=\count128
LaTeX Info: Redefining \ldots on input line 472.
LaTeX Info: Redefining \dots on input line 475.
LaTeX Info: Redefining \cdots on input line 596.
\Mathstrutbox@=\box49
\strutbox@=\box50
\big@size=\dimen175
LaTeX Font Info:    Redeclaring font encoding OML on input line 712.
LaTeX Font Info:    Redeclaring font encoding OMS on input line 713.
\macc@depth=\count129
\c@MaxMatrixCols=\count130
\dotsspace@=\muskip11
\c@parentequation=\count131
\dspbrk@lvl=\count132
\tag@help=\toks30
\row@=\count133
\column@=\count134
\maxfields@=\count135
\andhelp@=\toks31
\eqnshift@=\dimen176
\alignsep@=\dimen177
\tagshift@=\dimen178
\tagwidth@=\dimen179
\totwidth@=\dimen180
\lineht@=\dimen181
\@envbody=\toks32
\multlinegap=\skip79
\multlinetaggap=\skip80
\mathdisplay@stack=\toks33
LaTeX Info: Redefining \[ on input line 2817.
LaTeX Info: Redefining \] on input line 2818.
)
(/usr/local/texlive/2018/texmf-dist/tex/latex/amsfonts/amssymb.sty
Package: amssymb 2013/01/14 v3.01 AMS font symbols

(/usr/local/texlive/2018/texmf-dist/tex/latex/amsfonts/amsfonts.sty
Package: amsfonts 2013/01/14 v3.01 Basic AMSFonts support
\symAMSa=\mathgroup4
\symAMSb=\mathgroup5
LaTeX Font Info:    Overwriting math alphabet `\mathfrak' in version `bold'
(Font)                  U/euf/m/n --> U/euf/b/n on input line 106.
))
(/usr/local/texlive/2018/texmf-dist/tex/latex/relsize/relsize.sty
Package: relsize 2013/03/29 ver 4.1
)
(/usr/local/texlive/2018/texmf-dist/tex/latex/multirow/multirow.sty
Package: multirow 2016/11/25 v2.2 Span multiple rows of a table
\multirow@colwidth=\skip81
\multirow@cntb=\count136
\multirow@dima=\skip82
\bigstrutjot=\dimen182
)
(/usr/local/texlive/2018/texmf-dist/tex/latex/booktabs/booktabs.sty
Package: booktabs 2016/04/27 v1.618033 publication quality tables
\heavyrulewidth=\dimen183
\lightrulewidth=\dimen184
\cmidrulewidth=\dimen185
\belowrulesep=\dimen186
\belowbottomsep=\dimen187
\aboverulesep=\dimen188
\abovetopsep=\dimen189
\cmidrulesep=\dimen190
\cmidrulekern=\dimen191
\defaultaddspace=\dimen192
\@cmidla=\count137
\@cmidlb=\count138
\@aboverulesep=\dimen193
\@belowrulesep=\dimen194
\@thisruleclass=\count139
\@lastruleclass=\count140
\@thisrulewidth=\dimen195
)
(/usr/local/texlive/2018/texmf-dist/tex/latex/tools/multicol.sty
Package: multicol 2018/04/01 v1.8r multicolumn formatting (FMi)
\c@tracingmulticols=\count141
\mult@box=\box51
\multicol@leftmargin=\dimen196
\c@unbalance=\count142
\c@collectmore=\count143
\doublecol@number=\count144
\multicoltolerance=\count145
\multicolpretolerance=\count146
\full@width=\dimen197
\page@free=\dimen198
\premulticols=\dimen199
\postmulticols=\dimen256
\multicolsep=\skip83
\multicolbaselineskip=\skip84
\partial@page=\box52
\last@line=\box53
\maxbalancingoverflow=\dimen257
\mult@rightbox=\box54
\mult@grightbox=\box55
\mult@gfirstbox=\box56
\mult@firstbox=\box57
\@tempa=\box58
\@tempa=\box59
\@tempa=\box60
\@tempa=\box61
\@tempa=\box62
\@tempa=\box63
\@tempa=\box64
\@tempa=\box65
\@tempa=\box66
\@tempa=\box67
\@tempa=\box68
\@tempa=\box69
\@tempa=\box70
\@tempa=\box71
\@tempa=\box72
\@tempa=\box73
\@tempa=\box74
\c@columnbadness=\count147
\c@finalcolumnbadness=\count148
\last@try=\dimen258
\multicolovershoot=\dimen259
\multicolundershoot=\dimen260
\mult@nat@firstbox=\box75
\colbreak@box=\box76
\mc@col@check@num=\count149
)
(/usr/local/texlive/2018/texmf-dist/tex/latex/base/fontenc.sty
Package: fontenc 2017/04/05 v2.0i Standard LaTeX package

(/usr/local/texlive/2018/texmf-dist/tex/latex/base/t1enc.def
File: t1enc.def 2017/04/05 v2.0i Standard LaTeX file
LaTeX Font Info:    Redeclaring font encoding T1 on input line 48.
))
(/usr/local/texlive/2018/texmf-dist/tex/latex/ae/ae.sty
Package: ae 2001/02/12 1.3 Almost European Computer Modern

(/usr/local/texlive/2018/texmf-dist/tex/latex/base/fontenc.sty
Package: fontenc 2017/04/05 v2.0i Standard LaTeX package

(/usr/local/texlive/2018/texmf-dist/tex/latex/base/t1enc.def
File: t1enc.def 2017/04/05 v2.0i Standard LaTeX file
LaTeX Font Info:    Redeclaring font encoding T1 on input line 48.
)
LaTeX Font Info:    Try loading font information for T1+aer on input line 105.

(/usr/local/texlive/2018/texmf-dist/tex/latex/ae/t1aer.fd
File: t1aer.fd 1997/11/16 Font definitions for T1/aer.
)))
\symnark=\mathgroup6

(./poster_landscape.aux)
\openout1 = `poster_landscape.aux'.

LaTeX Font Info:    Checking defaults for OML/cmm/m/it on input line 244.
LaTeX Font Info:    ... okay on input line 244.
LaTeX Font Info:    Checking defaults for T1/cmr/m/n on input line 244.
LaTeX Font Info:    ... okay on input line 244.
LaTeX Font Info:    Checking defaults for OT1/cmr/m/n on input line 244.
LaTeX Font Info:    ... okay on input line 244.
LaTeX Font Info:    Checking defaults for OMS/cmsy/m/n on input line 244.
LaTeX Font Info:    ... okay on input line 244.
LaTeX Font Info:    Checking defaults for OMX/cmex/m/n on input line 244.
LaTeX Font Info:    ... okay on input line 244.
LaTeX Font Info:    Checking defaults for U/cmr/m/n on input line 244.
LaTeX Font Info:    ... okay on input line 244.

(/usr/local/texlive/2018/texmf-dist/tex/context/base/mkii/supp-pdf.mkii
[Loading MPS to PDF converter (version 2006.09.02).]
\scratchcounter=\count150
\scratchdimen=\dimen261
\scratchbox=\box77
\nofMPsegments=\count151
\nofMParguments=\count152
\everyMPshowfont=\toks34
\MPscratchCnt=\count153
\MPscratchDim=\dimen262
\MPnumerator=\count154
\makeMPintoPDFobject=\count155
\everyMPtoPDFconversion=\toks35
) (/usr/local/texlive/2018/texmf-dist/tex/latex/oberdiek/epstopdf-base.sty
Package: epstopdf-base 2016/05/15 v2.6 Base part for package epstopdf

(/usr/local/texlive/2018/texmf-dist/tex/generic/oberdiek/infwarerr.sty
Package: infwarerr 2016/05/16 v1.4 Providing info/warning/error messages (HO)
)
(/usr/local/texlive/2018/texmf-dist/tex/latex/oberdiek/grfext.sty
Package: grfext 2016/05/16 v1.2 Manage graphics extensions (HO)

(/usr/local/texlive/2018/texmf-dist/tex/generic/oberdiek/kvdefinekeys.sty
Package: kvdefinekeys 2016/05/16 v1.4 Define keys (HO)

(/usr/local/texlive/2018/texmf-dist/tex/generic/oberdiek/ltxcmds.sty
Package: ltxcmds 2016/05/16 v1.23 LaTeX kernel commands for general use (HO)
)))
(/usr/local/texlive/2018/texmf-dist/tex/latex/oberdiek/kvoptions.sty
Package: kvoptions 2016/05/16 v3.12 Key value format for package options (HO)

(/usr/local/texlive/2018/texmf-dist/tex/generic/oberdiek/kvsetkeys.sty
Package: kvsetkeys 2016/05/16 v1.17 Key value parser (HO)

(/usr/local/texlive/2018/texmf-dist/tex/generic/oberdiek/etexcmds.sty
Package: etexcmds 2016/05/16 v1.6 Avoid name clashes with e-TeX commands (HO)

(/usr/local/texlive/2018/texmf-dist/tex/generic/oberdiek/ifluatex.sty
Package: ifluatex 2016/05/16 v1.4 Provides the ifluatex switch (HO)
Package ifluatex Info: LuaTeX not detected.
)
Package etexcmds Info: Could not find \expanded.
(etexcmds)             That can mean that you are not using pdfTeX 1.50 or
(etexcmds)             that some package has redefined \expanded.
(etexcmds)             In the latter case, load this package earlier.
)))
(/usr/local/texlive/2018/texmf-dist/tex/generic/oberdiek/pdftexcmds.sty
Package: pdftexcmds 2018/01/30 v0.27 Utility functions of pdfTeX for LuaTeX (HO
)
Package pdftexcmds Info: LuaTeX not detected.
Package pdftexcmds Info: \pdf@primitive is available.
Package pdftexcmds Info: \pdf@ifprimitive is available.
Package pdftexcmds Info: \pdfdraftmode found.
)
Package epstopdf-base Info: Redefining graphics rule for `.eps' on input line 4
38.
Package grfext Info: Graphics extension search list:
(grfext)             [.pdf,.png,.jpg,.mps,.jpeg,.jbig2,.jb2,.PDF,.PNG,.JPG,.JPE
G,.JBIG2,.JB2,.eps]
(grfext)             \AppendGraphicsExtensions on input line 456.

(/usr/local/texlive/2018/texmf-dist/tex/latex/latexconfig/epstopdf-sys.cfg
File: epstopdf-sys.cfg 2010/07/13 v1.3 Configuration of (r)epstopdf for TeX Liv
e
))
ABD: EveryShipout initializing macros
*geometry* driver: auto-detecting
*geometry* detected driver: pdftex
*geometry* verbose mode - [ preamble ] result:
* driver: pdftex
* paper: custom
* layout: <same size as paper>
* layoutoffset:(h,v)=(0.0pt,0.0pt)
* modes: landscape 
* h-part:(L,W,R)=(12.46262pt, 962.9455pt, 12.46262pt)
* v-part:(T,H,B)=(12.46262pt, 673.81259pt, 12.46262pt)
* \paperwidth=987.87073pt
* \paperheight=698.73782pt
* \textwidth=962.9455pt
* \textheight=673.81259pt
* \oddsidemargin=-59.80737pt
* \evensidemargin=-59.80737pt
* \topmargin=-96.80737pt
* \headheight=12.0pt
* \headsep=25.0pt
* \topskip=10.0pt
* \footskip=30.0pt
* \marginparwidth=65.0pt
* \marginparsep=11.0pt
* \columnsep=6.99997pt
* \skip\footins=9.0pt plus 4.0pt minus 2.0pt
* \hoffset=0.0pt
* \voffset=0.0pt
* \mag=1000
* \@twocolumnfalse
* \@twosidefalse
* \@mparswitchfalse
* \@reversemarginfalse
* (1in=72.27pt=25.4mm, 1cm=28.453pt)

<images/track_frame_00010_06.pdf, id=29, 94.3525pt x 90.3375pt>
File: images/track_frame_00010_06.pdf Graphic file (type pdf)
<use images/track_frame_00010_06.pdf>
Package pdftex.def Info: images/track_frame_00010_06.pdf  used on input line 28
4.
(pdftex.def)             Requested size: 77.0374pt x 73.75879pt.
<images/track_frame_00450_06.pdf, id=30, 94.3525pt x 90.3375pt>
File: images/track_frame_00450_06.pdf Graphic file (type pdf)
<use images/track_frame_00450_06.pdf>
Package pdftex.def Info: images/track_frame_00450_06.pdf  used on input line 28
4.
(pdftex.def)             Requested size: 77.0374pt x 73.75879pt.
<images/track_frame_04999_06.pdf, id=31, 94.3525pt x 90.3375pt>
File: images/track_frame_04999_06.pdf Graphic file (type pdf)
<use images/track_frame_04999_06.pdf>
Package pdftex.def Info: images/track_frame_04999_06.pdf  used on input line 28
4.
(pdftex.def)             Requested size: 77.0374pt x 73.75879pt.
LaTeX Font Info:    Try loading font information for U+msa on input line 284.
(/usr/local/texlive/2018/texmf-dist/tex/latex/amsfonts/umsa.fd
File: umsa.fd 2013/01/14 v3.01 AMS symbols A
)
LaTeX Font Info:    Try loading font information for U+msb on input line 284.

(/usr/local/texlive/2018/texmf-dist/tex/latex/amsfonts/umsb.fd
File: umsb.fd 2013/01/14 v3.01 AMS symbols B
)
LaTeX Font Info:    Try loading font information for U+dsrom on input line 284.


(/usr/local/texlive/2018/texmf-dist/tex/latex/doublestroke/Udsrom.fd
File: Udsrom.fd 1995/08/01 v0.1 Double stroke roman font definitions
)
<images/logo.pdf, id=32, 597.23125pt x 845.1575pt>
File: images/logo.pdf Graphic file (type pdf)
<use images/logo.pdf>
Package pdftex.def Info: images/logo.pdf  used on input line 284.
(pdftex.def)             Requested size: 57.12941pt x 80.85422pt.
<images/msrlogo.pdf, id=33, 277.035pt x 77.28876pt>
File: images/msrlogo.pdf Graphic file (type pdf)
<use images/msrlogo.pdf>
Package pdftex.def Info: images/msrlogo.pdf  used on input line 284.
(pdftex.def)             Requested size: 72.45435pt x 20.21355pt.
LaTeX Font Info:    Try loading font information for T1+aett on input line 284.


(/usr/local/texlive/2018/texmf-dist/tex/latex/ae/t1aett.fd
File: t1aett.fd 1997/11/16 Font definitions for T1/aett.
)
Missing character: There is no ; in font nullfont!
Missing character: There is no ; in font nullfont!
Missing character: There is no ; in font nullfont!

Overfull \hbox (14.74832pt too wide) detected at line 328
[]
 []

Missing character: There is no ; in font nullfont!
Missing character: There is no ; in font nullfont!
Missing character: There is no ; in font nullfont!

Overfull \hbox (14.74832pt too wide) in paragraph at lines 328--328
[][][][][] 
 []

\MSZ=\skip85

Overfull \hbox (4.29756pt too wide) in paragraph at lines 446--446
[][] [] 
 []

Missing character: There is no ; in font nullfont!
Missing character: There is no ; in font nullfont!
Missing character: There is no ; in font nullfont!
Missing character: There is no ; in font nullfont!
Missing character: There is no ; in font nullfont!
Missing character: There is no ; in font nullfont!
<images/018_4_2_masked.png, id=34, 722.7pt x 578.16pt>
File: images/018_4_2_masked.png Graphic file (type png)
<use images/018_4_2_masked.png>
Package pdftex.def Info: images/018_4_2_masked.png  used on input line 498.
(pdftex.def)             Requested size: 45.09659pt x 36.07315pt.
<images/328_2_1_masked.png, id=36, 722.7pt x 578.16pt>
File: images/328_2_1_masked.png Graphic file (type png)
<use images/328_2_1_masked.png>
Package pdftex.def Info: images/328_2_1_masked.png  used on input line 498.
(pdftex.def)             Requested size: 45.09659pt x 36.07315pt.
<images/319_2_1_masked.png, id=37, 722.7pt x 578.16pt>
File: images/319_2_1_masked.png Graphic file (type png)
<use images/319_2_1_masked.png>
Package pdftex.def Info: images/319_2_1_masked.png  used on input line 498.
(pdftex.def)             Requested size: 45.09659pt x 36.07315pt.
<images/027_4_2_masked.png, id=38, 722.7pt x 578.16pt>
File: images/027_4_2_masked.png Graphic file (type png)
<use images/027_4_2_masked.png>
Package pdftex.def Info: images/027_4_2_masked.png  used on input line 498.
(pdftex.def)             Requested size: 45.09659pt x 36.07315pt.
<images/020_1_1_masked.png, id=39, 722.7pt x 578.16pt>
File: images/020_1_1_masked.png Graphic file (type png)
<use images/020_1_1_masked.png>
Package pdftex.def Info: images/020_1_1_masked.png  used on input line 498.
(pdftex.def)             Requested size: 45.09659pt x 36.07315pt.
<images/12_2f_masked.png, id=40, 642.4pt x 481.8pt>
File: images/12_2f_masked.png Graphic file (type png)
<use images/12_2f_masked.png>
Package pdftex.def Info: images/12_2f_masked.png  used on input line 498.
(pdftex.def)             Requested size: 45.09659pt x 33.81766pt.
<images/21_3m_masked.png, id=41, 642.4pt x 481.8pt>
File: images/21_3m_masked.png Graphic file (type png)
<use images/21_3m_masked.png>
Package pdftex.def Info: images/21_3m_masked.png  used on input line 498.
(pdftex.def)             Requested size: 45.09659pt x 33.81766pt.
<images/09_6m_masked.png, id=42, 642.4pt x 481.8pt>
File: images/09_6m_masked.png Graphic file (type png)
<use images/09_6m_masked.png>
Package pdftex.def Info: images/09_6m_masked.png  used on input line 498.
(pdftex.def)             Requested size: 45.09659pt x 33.81766pt.
<images/33_4m_masked.png, id=43, 642.4pt x 481.8pt>
File: images/33_4m_masked.png Graphic file (type png)
<use images/33_4m_masked.png>
Package pdftex.def Info: images/33_4m_masked.png  used on input line 498.
(pdftex.def)             Requested size: 45.09659pt x 33.81766pt.

Underfull \hbox (badness 10000) in paragraph at lines 498--498
[][][][][][]
 []


Underfull \hbox (badness 10000) in paragraph at lines 498--498
[]
 []


Underfull \hbox (badness 10000) in paragraph at lines 498--498

 []

Missing character: There is no ; in font nullfont!
Missing character: There is no ; in font nullfont!
Missing character: There is no ; in font nullfont!
<images/track_frame_00010_01.pdf, id=44, 94.3525pt x 90.3375pt>
File: images/track_frame_00010_01.pdf Graphic file (type pdf)
<use images/track_frame_00010_01.pdf>
Package pdftex.def Info: images/track_frame_00010_01.pdf  used on input line 56
8.
(pdftex.def)             Requested size: 44.45798pt x 42.56613pt.
<images/track_frame_00050_01.pdf, id=45, 94.3525pt x 90.3375pt>
File: images/track_frame_00050_01.pdf Graphic file (type pdf)
<use images/track_frame_00050_01.pdf>
Package pdftex.def Info: images/track_frame_00050_01.pdf  used on input line 56
8.
(pdftex.def)             Requested size: 44.45798pt x 42.56613pt.
<images/track_frame_00450_01.pdf, id=46, 94.3525pt x 90.3375pt>
File: images/track_frame_00450_01.pdf Graphic file (type pdf)
<use images/track_frame_00450_01.pdf>
Package pdftex.def Info: images/track_frame_00450_01.pdf  used on input line 56
8.
(pdftex.def)             Requested size: 44.45798pt x 42.56613pt.
<images/track_frame_02000_01.pdf, id=47, 95.35625pt x 90.3375pt>
File: images/track_frame_02000_01.pdf Graphic file (type pdf)
<use images/track_frame_02000_01.pdf>
Package pdftex.def Info: images/track_frame_02000_01.pdf  used on input line 56
8.
(pdftex.def)             Requested size: 44.45798pt x 42.11815pt.
<images/track_frame_04999_01.pdf, id=48, 95.35625pt x 90.3375pt>
File: images/track_frame_04999_01.pdf Graphic file (type pdf)
<use images/track_frame_04999_01.pdf>
Package pdftex.def Info: images/track_frame_04999_01.pdf  used on input line 56
8.
(pdftex.def)             Requested size: 44.45798pt x 42.11815pt.
<images/track_frame_00010_02.pdf, id=49, 94.3525pt x 90.3375pt>
File: images/track_frame_00010_02.pdf Graphic file (type pdf)
<use images/track_frame_00010_02.pdf>
Package pdftex.def Info: images/track_frame_00010_02.pdf  used on input line 56
8.
(pdftex.def)             Requested size: 44.45798pt x 42.56613pt.
<images/track_frame_00050_02.pdf, id=50, 94.3525pt x 90.3375pt>
File: images/track_frame_00050_02.pdf Graphic file (type pdf)
<use images/track_frame_00050_02.pdf>
Package pdftex.def Info: images/track_frame_00050_02.pdf  used on input line 56
8.
(pdftex.def)             Requested size: 44.45798pt x 42.56613pt.
<images/track_frame_00450_02.pdf, id=51, 94.3525pt x 90.3375pt>
File: images/track_frame_00450_02.pdf Graphic file (type pdf)
<use images/track_frame_00450_02.pdf>
Package pdftex.def Info: images/track_frame_00450_02.pdf  used on input line 56
8.
(pdftex.def)             Requested size: 44.45798pt x 42.56613pt.
<images/track_frame_02000_02.pdf, id=52, 94.3525pt x 90.3375pt>
File: images/track_frame_02000_02.pdf Graphic file (type pdf)
<use images/track_frame_02000_02.pdf>
Package pdftex.def Info: images/track_frame_02000_02.pdf  used on input line 56
8.
(pdftex.def)             Requested size: 44.45798pt x 42.56613pt.
<images/track_frame_04999_02.pdf, id=53, 94.3525pt x 90.3375pt>
File: images/track_frame_04999_02.pdf Graphic file (type pdf)
<use images/track_frame_04999_02.pdf>
Package pdftex.def Info: images/track_frame_04999_02.pdf  used on input line 56
8.
(pdftex.def)             Requested size: 44.45798pt x 42.56613pt.
<images/track_frame_00010_03.pdf, id=54, 94.3525pt x 90.3375pt>
File: images/track_frame_00010_03.pdf Graphic file (type pdf)
<use images/track_frame_00010_03.pdf>
Package pdftex.def Info: images/track_frame_00010_03.pdf  used on input line 56
8.
(pdftex.def)             Requested size: 44.45798pt x 42.56613pt.
<images/track_frame_00050_03.pdf, id=55, 94.3525pt x 90.3375pt>
File: images/track_frame_00050_03.pdf Graphic file (type pdf)
<use images/track_frame_00050_03.pdf>
Package pdftex.def Info: images/track_frame_00050_03.pdf  used on input line 56
8.
(pdftex.def)             Requested size: 44.45798pt x 42.56613pt.
<images/track_frame_00450_03.pdf, id=56, 94.3525pt x 90.3375pt>
File: images/track_frame_00450_03.pdf Graphic file (type pdf)
<use images/track_frame_00450_03.pdf>
Package pdftex.def Info: images/track_frame_00450_03.pdf  used on input line 56
8.
(pdftex.def)             Requested size: 44.45798pt x 42.56613pt.
<images/track_frame_02000_03.pdf, id=57, 94.3525pt x 90.3375pt>
File: images/track_frame_02000_03.pdf Graphic file (type pdf)
<use images/track_frame_02000_03.pdf>
Package pdftex.def Info: images/track_frame_02000_03.pdf  used on input line 56
8.
(pdftex.def)             Requested size: 44.45798pt x 42.56613pt.
<images/track_frame_04999_03.pdf, id=58, 94.3525pt x 90.3375pt>
File: images/track_frame_04999_03.pdf Graphic file (type pdf)
<use images/track_frame_04999_03.pdf>
Package pdftex.def Info: images/track_frame_04999_03.pdf  used on input line 56
8.
(pdftex.def)             Requested size: 44.45798pt x 42.56613pt.
<images/track_frame_00010_04.pdf, id=59, 94.3525pt x 90.3375pt>
File: images/track_frame_00010_04.pdf Graphic file (type pdf)
<use images/track_frame_00010_04.pdf>
Package pdftex.def Info: images/track_frame_00010_04.pdf  used on input line 56
8.
(pdftex.def)             Requested size: 44.45798pt x 42.56613pt.
<images/track_frame_00050_04.pdf, id=60, 94.3525pt x 90.3375pt>
File: images/track_frame_00050_04.pdf Graphic file (type pdf)
<use images/track_frame_00050_04.pdf>
Package pdftex.def Info: images/track_frame_00050_04.pdf  used on input line 56
8.
(pdftex.def)             Requested size: 44.45798pt x 42.56613pt.
<images/track_frame_00450_04.pdf, id=61, 94.3525pt x 90.3375pt>
File: images/track_frame_00450_04.pdf Graphic file (type pdf)
<use images/track_frame_00450_04.pdf>
Package pdftex.def Info: images/track_frame_00450_04.pdf  used on input line 56
8.
(pdftex.def)             Requested size: 44.45798pt x 42.56613pt.
<images/track_frame_02000_04.pdf, id=62, 94.3525pt x 90.3375pt>
File: images/track_frame_02000_04.pdf Graphic file (type pdf)
<use images/track_frame_02000_04.pdf>
Package pdftex.def Info: images/track_frame_02000_04.pdf  used on input line 56
8.
(pdftex.def)             Requested size: 44.45798pt x 42.56613pt.
<images/track_frame_04999_04.pdf, id=63, 94.3525pt x 90.3375pt>
File: images/track_frame_04999_04.pdf Graphic file (type pdf)
<use images/track_frame_04999_04.pdf>
Package pdftex.def Info: images/track_frame_04999_04.pdf  used on input line 56
8.
(pdftex.def)             Requested size: 44.45798pt x 42.56613pt.
<images/track_frame_00010_05.pdf, id=64, 94.3525pt x 90.3375pt>
File: images/track_frame_00010_05.pdf Graphic file (type pdf)
<use images/track_frame_00010_05.pdf>
Package pdftex.def Info: images/track_frame_00010_05.pdf  used on input line 56
8.
(pdftex.def)             Requested size: 44.45798pt x 42.56613pt.
<images/track_frame_00050_05.pdf, id=65, 94.3525pt x 90.3375pt>
File: images/track_frame_00050_05.pdf Graphic file (type pdf)
<use images/track_frame_00050_05.pdf>
Package pdftex.def Info: images/track_frame_00050_05.pdf  used on input line 56
8.
(pdftex.def)             Requested size: 44.45798pt x 42.56613pt.
<images/track_frame_00450_05.pdf, id=66, 94.3525pt x 90.3375pt>
File: images/track_frame_00450_05.pdf Graphic file (type pdf)
<use images/track_frame_00450_05.pdf>
Package pdftex.def Info: images/track_frame_00450_05.pdf  used on input line 56
8.
(pdftex.def)             Requested size: 44.45798pt x 42.56613pt.
<images/track_frame_02000_05.pdf, id=67, 94.3525pt x 90.3375pt>
File: images/track_frame_02000_05.pdf Graphic file (type pdf)
<use images/track_frame_02000_05.pdf>
Package pdftex.def Info: images/track_frame_02000_05.pdf  used on input line 56
8.
(pdftex.def)             Requested size: 44.45798pt x 42.56613pt.
<images/track_frame_04999_05.pdf, id=68, 94.3525pt x 90.3375pt>
File: images/track_frame_04999_05.pdf Graphic file (type pdf)
<use images/track_frame_04999_05.pdf>
Package pdftex.def Info: images/track_frame_04999_05.pdf  used on input line 56
8.
(pdftex.def)             Requested size: 44.45798pt x 42.56613pt.
File: images/track_frame_00010_06.pdf Graphic file (type pdf)
<use images/track_frame_00010_06.pdf>
Package pdftex.def Info: images/track_frame_00010_06.pdf  used on input line 56
8.
(pdftex.def)             Requested size: 44.45798pt x 42.56613pt.
<images/track_frame_00050_06.pdf, id=69, 94.3525pt x 90.3375pt>
File: images/track_frame_00050_06.pdf Graphic file (type pdf)
<use images/track_frame_00050_06.pdf>
Package pdftex.def Info: images/track_frame_00050_06.pdf  used on input line 56
8.
(pdftex.def)             Requested size: 44.45798pt x 42.56613pt.
File: images/track_frame_00450_06.pdf Graphic file (type pdf)
<use images/track_frame_00450_06.pdf>
Package pdftex.def Info: images/track_frame_00450_06.pdf  used on input line 56
8.
(pdftex.def)             Requested size: 44.45798pt x 42.56613pt.
<images/track_frame_02000_06.pdf, id=70, 94.3525pt x 90.3375pt>
File: images/track_frame_02000_06.pdf Graphic file (type pdf)
<use images/track_frame_02000_06.pdf>
Package pdftex.def Info: images/track_frame_02000_06.pdf  used on input line 56
8.
(pdftex.def)             Requested size: 44.45798pt x 42.56613pt.
File: images/track_frame_04999_06.pdf Graphic file (type pdf)
<use images/track_frame_04999_06.pdf>
Package pdftex.def Info: images/track_frame_04999_06.pdf  used on input line 56
8.
(pdftex.def)             Requested size: 44.45798pt x 42.56613pt.

Overfull \hbox (6.10748pt too wide) in paragraph at lines 568--568
[][]
 []

Missing character: There is no ; in font nullfont!
Missing character: There is no ; in font nullfont!
Missing character: There is no ; in font nullfont!
<images/bush_00010_02.pdf, id=71, 94.3525pt x 84.315pt>
File: images/bush_00010_02.pdf Graphic file (type pdf)
<use images/bush_00010_02.pdf>
Package pdftex.def Info: images/bush_00010_02.pdf  used on input line 601.
(pdftex.def)             Requested size: 45.09659pt x 40.29832pt.
<images/bush_00100_02.pdf, id=72, 94.3525pt x 84.315pt>
File: images/bush_00100_02.pdf Graphic file (type pdf)
<use images/bush_00100_02.pdf>
Package pdftex.def Info: images/bush_00100_02.pdf  used on input line 601.
(pdftex.def)             Requested size: 45.09659pt x 40.29832pt.
<images/bush_00200_02.pdf, id=73, 94.3525pt x 84.315pt>
File: images/bush_00200_02.pdf Graphic file (type pdf)
<use images/bush_00200_02.pdf>
Package pdftex.def Info: images/bush_00200_02.pdf  used on input line 601.
(pdftex.def)             Requested size: 45.09659pt x 40.29832pt.
<images/bush_00300_02.pdf, id=74, 94.3525pt x 84.315pt>
File: images/bush_00300_02.pdf Graphic file (type pdf)
<use images/bush_00300_02.pdf>
Package pdftex.def Info: images/bush_00300_02.pdf  used on input line 601.
(pdftex.def)             Requested size: 45.09659pt x 40.29832pt.
<images/bush_00400_02.pdf, id=75, 94.3525pt x 84.315pt>
File: images/bush_00400_02.pdf Graphic file (type pdf)
<use images/bush_00400_02.pdf>
Package pdftex.def Info: images/bush_00400_02.pdf  used on input line 601.
(pdftex.def)             Requested size: 45.09659pt x 40.29832pt.
<images/bush_00010_05.pdf, id=76, 94.3525pt x 84.315pt>
File: images/bush_00010_05.pdf Graphic file (type pdf)
<use images/bush_00010_05.pdf>
Package pdftex.def Info: images/bush_00010_05.pdf  used on input line 601.
(pdftex.def)             Requested size: 45.09659pt x 40.29832pt.
<images/bush_00100_05.pdf, id=77, 94.3525pt x 84.315pt>
File: images/bush_00100_05.pdf Graphic file (type pdf)
<use images/bush_00100_05.pdf>
Package pdftex.def Info: images/bush_00100_05.pdf  used on input line 601.
(pdftex.def)             Requested size: 45.09659pt x 40.29832pt.
<images/bush_00200_05.pdf, id=78, 94.3525pt x 84.315pt>
File: images/bush_00200_05.pdf Graphic file (type pdf)
<use images/bush_00200_05.pdf>
Package pdftex.def Info: images/bush_00200_05.pdf  used on input line 601.
(pdftex.def)             Requested size: 45.09659pt x 40.29832pt.
<images/bush_00300_05.pdf, id=79, 94.3525pt x 84.315pt>
File: images/bush_00300_05.pdf Graphic file (type pdf)
<use images/bush_00300_05.pdf>
Package pdftex.def Info: images/bush_00300_05.pdf  used on input line 601.
(pdftex.def)             Requested size: 45.09659pt x 40.29832pt.
<images/bush_00400_05.pdf, id=80, 94.3525pt x 84.315pt>
File: images/bush_00400_05.pdf Graphic file (type pdf)
<use images/bush_00400_05.pdf>
Package pdftex.def Info: images/bush_00400_05.pdf  used on input line 601.
(pdftex.def)             Requested size: 45.09659pt x 40.29832pt.
<images/bush_00010_08.pdf, id=81, 94.3525pt x 84.315pt>
File: images/bush_00010_08.pdf Graphic file (type pdf)
<use images/bush_00010_08.pdf>
Package pdftex.def Info: images/bush_00010_08.pdf  used on input line 601.
(pdftex.def)             Requested size: 45.09659pt x 40.29832pt.
<images/bush_00100_08.pdf, id=82, 94.3525pt x 84.315pt>
File: images/bush_00100_08.pdf Graphic file (type pdf)
<use images/bush_00100_08.pdf>
Package pdftex.def Info: images/bush_00100_08.pdf  used on input line 601.
(pdftex.def)             Requested size: 45.09659pt x 40.29832pt.
<images/bush_00200_08.pdf, id=83, 94.3525pt x 84.315pt>
File: images/bush_00200_08.pdf Graphic file (type pdf)
<use images/bush_00200_08.pdf>
Package pdftex.def Info: images/bush_00200_08.pdf  used on input line 601.
(pdftex.def)             Requested size: 45.09659pt x 40.29832pt.
<images/bush_00300_08.pdf, id=84, 94.3525pt x 84.315pt>
File: images/bush_00300_08.pdf Graphic file (type pdf)
<use images/bush_00300_08.pdf>
Package pdftex.def Info: images/bush_00300_08.pdf  used on input line 601.
(pdftex.def)             Requested size: 45.09659pt x 40.29832pt.
<images/bush_00400_08.pdf, id=85, 94.3525pt x 84.315pt>
File: images/bush_00400_08.pdf Graphic file (type pdf)
<use images/bush_00400_08.pdf>
Package pdftex.def Info: images/bush_00400_08.pdf  used on input line 601.
(pdftex.def)             Requested size: 45.09659pt x 40.29832pt.

Underfull \hbox (badness 1565) in paragraph at lines 601--601
\T1/aer/m/n/10 All meth-ods used the or-thonor-mal in-cre-men-tal
 []

Missing character: There is no ; in font nullfont!
Missing character: There is no ; in font nullfont!
Missing character: There is no ; in font nullfont!

Underfull \hbox (badness 10000) detected at line 631
[][]
 []


Underfull \hbox (badness 10000) in paragraph at lines 631--631

 []

Missing character: There is no ; in font nullfont!
Missing character: There is no ; in font nullfont!
Missing character: There is no ; in font nullfont!
[2

{/usr/local/texlive/2018/texmf-var/fonts/map/pdftex/updmap/pdftex.map} <./image
s/track_frame_00010_06.pdf> <./images/track_frame_00450_06.pdf> <./images/track
_frame_04999_06.pdf> <./images/logo.pdf> <./images/msrlogo.pdf> <./images/018_4
_2_masked.png> <./images/328_2_1_masked.png> <./images/319_2_1_masked.png> <./i
mages/027_4_2_masked.png> <./images/020_1_1_masked.png> <./images/12_2f_masked.
png> <./images/21_3m_masked.png> <./images/09_6m_masked.png> <./images/33_4m_ma
sked.png> <./images/track_frame_00010_01.pdf> <./images/track_frame_00050_01.pd
f> <./images/track_frame_00450_01.pdf> <./images/track_frame_02000_01.pdf> <./i
mages/track_frame_04999_01.pdf> <./images/track_frame_00010_02.pdf> <./images/t
rack_frame_00050_02.pdf> <./images/track_frame_00450_02.pdf> <./images/track_fr
ame_02000_02.pdf> <./images/track_frame_04999_02.pdf> <./images/track_frame_000
10_03.pdf> <./images/track_frame_00050_03.pdf> <./images/track_frame_00450_03.p
df> <./images/track_frame_02000_03.pdf> <./images/track_frame_04999_03.pdf> <./
images/track_frame_00010_04.pdf> <./images/track_frame_00050_04.pdf> <./images/
track_frame_00450_04.pdf> <./images/track_frame_02000_04.pdf> <./images/track_f
rame_04999_04.pdf> <./images/track_frame_00010_05.pdf> <./images/track_frame_00
050_05.pdf> <./images/track_frame_00450_05.pdf> <./images/track_frame_02000_05.
pdf> <./images/track_frame_04999_05.pdf> <./images/track_frame_00050_06.pdf> <.
/images/track_frame_02000_06.pdf> <./images/bush_00010_02.pdf> <./images/bush_0
0100_02.pdf> <./images/bush_00200_02.pdf> <./images/bush_00300_02.pdf> <./image
s/bush_00400_02.pdf> <./images/bush_00010_05.pdf> <./images/bush_00100_05.pdf> 
<./images/bush_00200_05.pdf> <./images/bush_00300_05.pdf> <./images/bush_00400_
05.pdf> <./images/bush_00010_08.pdf> <./images/bush_00100_08.pdf> <./images/bus
h_00200_08.pdf> <./images/bush_00300_08.pdf> <./images/bush_00400_08.pdf>]
(./poster_landscape.aux) ) 
Here is how much of TeX's memory you used:
 17498 strings out of 492649
 351656 string characters out of 6129622
 681388 words of memory out of 5000000
 20897 multiletter control sequences out of 15000+600000
 56561 words of font info for 110 fonts, out of 8000000 for 9000
 1141 hyphenation exceptions out of 8191
 62i,27n,76p,418b,1599s stack positions out of 5000i,500n,10000p,200000b,80000s
</usr/local/texlive/2018/texmf-dist/fonts/type1/publi
c/amsfonts/cm/cmbx10.pfb></usr/local/texlive/2018/texmf-dist/fonts/type1/public
/amsfonts/cm/cmbx7.pfb></usr/local/texlive/2018/texmf-dist/fonts/type1/public/a
msfonts/cm/cmbxti10.pfb></usr/local/texlive/2018/texmf-dist/fonts/type1/public/
amsfonts/cm/cmcsc10.pfb></usr/local/texlive/2018/texmf-dist/fonts/type1/public/
amsfonts/cm/cmex10.pfb></usr/local/texlive/2018/texmf-dist/fonts/type1/public/a
msfonts/cm/cmmi10.pfb></usr/local/texlive/2018/texmf-dist/fonts/type1/public/am
sfonts/cm/cmmi7.pfb></usr/local/texlive/2018/texmf-dist/fonts/type1/public/amsf
onts/cm/cmmi8.pfb></usr/local/texlive/2018/texmf-dist/fonts/type1/public/amsfon
ts/cm/cmmib10.pfb></usr/local/texlive/2018/texmf-dist/fonts/type1/public/amsfon
ts/cmextra/cmmib7.pfb></usr/local/texlive/2018/texmf-dist/fonts/type1/public/am
sfonts/cm/cmr10.pfb></usr/local/texlive/2018/texmf-dist/fonts/type1/public/amsf
onts/cm/cmr12.pfb></usr/local/texlive/2018/texmf-dist/fonts/type1/public/amsfon
ts/cm/cmr6.pfb></usr/local/texlive/2018/texmf-dist/fonts/type1/public/amsfonts/
cm/cmr7.pfb></usr/local/texlive/2018/texmf-dist/fonts/type1/public/amsfonts/cm/
cmr8.pfb></usr/local/texlive/2018/texmf-dist/fonts/type1/public/amsfonts/cm/cms
y10.pfb></usr/local/texlive/2018/texmf-dist/fonts/type1/public/amsfonts/cm/cmsy
7.pfb></usr/local/texlive/2018/texmf-dist/fonts/type1/public/amsfonts/cm/cmti10
.pfb></usr/local/texlive/2018/texmf-dist/fonts/type1/public/amsfonts/cm/cmti12.
pfb></usr/local/texlive/2018/texmf-dist/fonts/type1/public/amsfonts/cm/cmti7.pf
b></usr/local/texlive/2018/texmf-dist/fonts/type1/public/amsfonts/cm/cmti8.pfb>
</usr/local/texlive/2018/texmf-dist/fonts/type1/public/amsfonts/cm/cmtt10.pfb><
/usr/local/texlive/2018/texmf-dist/fonts/type1/public/amsfonts/cm/cmtt12.pfb></
usr/local/texlive/2018/texmf-dist/fonts/type1/public/amsfonts/symbols/msam10.pf
b>
Output written on poster_landscape.pdf (1 page, 14816347 bytes).
PDF statistics:
 386 PDF objects out of 1000 (max. 8388607)
 184 compressed objects within 2 object streams
 0 named destinations out of 1000 (max. 500000)
 389 words of extra memory for PDF output out of 10000 (max. 10000000)

